> Task :checkKotlinGradlePluginConfigurationErrors
> Task :processResources
> Task :compileKotlin
> Task :compileJava NO-SOURCE
> Task :classes
> Task :resolveMainClassName

> Task :bootRun

  .   ____          _            __ _ _
 /\\ / ___'_ __ _ _(_)_ __  __ _ \ \ \ \
( ( )\___ | '_ | '_| | '_ \/ _` | \ \ \ \
 \\/  ___)| |_)| | | | | || (_| |  ) ) ) )
  '  |____| .__|_| |_|_| |_\__, | / / / /
 =========|_|==============|___/=/_/_/_/
 :: Spring Boot ::                (v3.2.3)

2026-03-04T02:59:29.364+05:30  INFO 4764 --- [           main] c.s.SmartTreasuryApplicationKt           : Starting SmartTreasuryApplicationKt using Java 17.0.18 with PID 4764 (D:\Thera Sample Project\backend\build\classes\kotlin\main started by Admin in D:\Thera Sample Project\backend)
2026-03-04T02:59:29.365+05:30 DEBUG 4764 --- [           main] c.s.SmartTreasuryApplicationKt           : Running with Spring Boot v3.2.3, Spring v6.1.4
2026-03-04T02:59:29.366+05:30  INFO 4764 --- [           main] c.s.SmartTreasuryApplicationKt           : No active profile set, falling back to 1 default profile: "default"
2026-03-04T02:59:30.364+05:30  INFO 4764 --- [           main] .s.d.r.c.RepositoryConfigurationDelegate : Multiple Spring Data modules found, entering strict repository configuration mode
2026-03-04T02:59:30.366+05:30  INFO 4764 --- [           main] .s.d.r.c.RepositoryConfigurationDelegate : Bootstrapping Spring Data JPA repositories in DEFAULT mode.
2026-03-04T02:59:30.516+05:30  INFO 4764 --- [           main] .s.d.r.c.RepositoryConfigurationDelegate : Finished Spring Data repository scanning in 143 ms. Found 5 JPA repository interfaces.
2026-03-04T02:59:30.536+05:30  INFO 4764 --- [           main] .s.d.r.c.RepositoryConfigurationDelegate : Multiple Spring Data modules found, entering strict repository configuration mode
2026-03-04T02:59:30.537+05:30  INFO 4764 --- [           main] .s.d.r.c.RepositoryConfigurationDelegate : Bootstrapping Spring Data Redis repositories in DEFAULT mode.
2026-03-04T02:59:30.553+05:30  INFO 4764 --- [           main] .RepositoryConfigurationExtensionSupport : Spring Data Redis - Could not safely identify store assignment for repository candidate interface com.smarttreasury.repository.BatchItemRepository; If you want this repository to be a Redis repository, consider annotating your entities with one of these annotations: org.springframework.data.redis.core.RedisHash (preferred), or consider extending one of the following types with your repository: org.springframework.data.keyvalue.repository.KeyValueRepository
2026-03-04T02:59:30.553+05:30  INFO 4764 --- [           main] .RepositoryConfigurationExtensionSupport : Spring Data Redis - Could not safely identify store assignment for repository candidate interface com.smarttreasury.repository.FxRateSnapshotRepository; If you want this repository to be a Redis repository, consider annotating your entities with one of these annotations: org.springframework.data.redis.core.RedisHash (preferred), or consider extending one of the following types with your repository: org.springframework.data.keyvalue.repository.KeyValueRepository
2026-03-04T02:59:30.553+05:30  INFO 4764 --- [           main] .RepositoryConfigurationExtensionSupport : Spring Data Redis - Could not safely identify store assignment for repository candidate interface com.smarttreasury.repository.InvoiceRepository; If you want this repository to be a Redis repository, consider annotating your entities with one of these annotations: org.springframework.data.redis.core.RedisHash (preferred), or consider extending one of the following types with your repository: org.springframework.data.keyvalue.repository.KeyValueRepository
2026-03-04T02:59:30.554+05:30  INFO 4764 --- [           main] .RepositoryConfigurationExtensionSupport : Spring Data Redis - Could not safely identify store assignment for repository candidate interface com.smarttreasury.repository.PaymentBatchRepository; If you want this repository to be a Redis repository, consider annotating your entities with one of these annotations: org.springframework.data.redis.core.RedisHash (preferred), or consider extending one of the following types with your repository: org.springframework.data.keyvalue.repository.KeyValueRepository
2026-03-04T02:59:30.554+05:30  INFO 4764 --- [           main] .RepositoryConfigurationExtensionSupport : Spring Data Redis - Could not safely identify store assignment for repository candidate interface com.smarttreasury.repository.VendorRepository; If you want this repository to be a Redis repository, consider annotating your entities with one of these annotations: org.springframework.data.redis.core.RedisHash (preferred), or consider extending one of the following types with your repository: org.springframework.data.keyvalue.repository.KeyValueRepository
2026-03-04T02:59:30.554+05:30  INFO 4764 --- [           main] .s.d.r.c.RepositoryConfigurationDelegate : Finished Spring Data repository scanning in 8 ms. Found 0 Redis repository interfaces.
2026-03-04T02:59:31.184+05:30  INFO 4764 --- [           main] o.s.b.w.embedded.tomcat.TomcatWebServer  : Tomcat initialized with port 8080 (http)
2026-03-04T02:59:31.195+05:30  INFO 4764 --- [           main] o.apache.catalina.core.StandardService   : Starting service [Tomcat]
2026-03-04T02:59:31.195+05:30  INFO 4764 --- [           main] o.apache.catalina.core.StandardEngine    : Starting Servlet engine: [Apache Tomcat/10.1.19]
2026-03-04T02:59:31.261+05:30  INFO 4764 --- [           main] o.a.c.c.C.[Tomcat].[localhost].[/]       : Initializing Spring embedded WebApplicationContext
2026-03-04T02:59:31.262+05:30  INFO 4764 --- [           main] w.s.c.ServletWebServerApplicationContext : Root WebApplicationContext: initialization completed in 1835 ms
2026-03-04T02:59:31.374+05:30  INFO 4764 --- [           main] com.zaxxer.hikari.HikariDataSource       : HikariPool-1 - Starting...
2026-03-04T02:59:32.188+05:30  INFO 4764 --- [           main] com.zaxxer.hikari.pool.HikariPool        : HikariPool-1 - Added connection org.postgresql.jdbc.PgConnection@30036a18
2026-03-04T02:59:32.191+05:30  INFO 4764 --- [           main] com.zaxxer.hikari.HikariDataSource       : HikariPool-1 - Start completed.
2026-03-04T02:59:32.302+05:30  INFO 4764 --- [           main] o.f.c.internal.license.VersionPrinter    : Flyway Community Edition 9.22.3 by Redgate
2026-03-04T02:59:32.303+05:30  INFO 4764 --- [           main] o.f.c.internal.license.VersionPrinter    : See release notes here: https://rd.gt/416ObMi
2026-03-04T02:59:32.303+05:30  INFO 4764 --- [           main] o.f.c.internal.license.VersionPrinter    : 
2026-03-04T02:59:32.354+05:30  INFO 4764 --- [           main] org.flywaydb.core.FlywayExecutor         : Database: jdbc:postgresql://db.cbmyebfnkmtzqvxjwrtf.supabase.co:5432/postgres (PostgreSQL 17.6)
2026-03-04T02:59:32.600+05:30  WARN 4764 --- [           main] o.f.c.internal.database.base.Database    : Flyway upgrade recommended: PostgreSQL 17.6 is newer than this version of Flyway and support has not been tested. The latest supported version of PostgreSQL is 15.
2026-03-04T02:59:32.759+05:30  INFO 4764 --- [           main] o.f.c.i.s.JdbcTableSchemaHistory         : Schema history table "public"."flyway_schema_history" does not exist yet
2026-03-04T02:59:32.798+05:30  INFO 4764 --- [           main] o.f.core.internal.command.DbValidate     : Successfully validated 1 migration (execution time 00:00.132s)
2026-03-04T02:59:33.270+05:30  INFO 4764 --- [           main] o.f.c.i.s.JdbcTableSchemaHistory         : Creating Schema History table "public"."flyway_schema_history" ...
2026-03-04T02:59:33.919+05:30  INFO 4764 --- [           main] o.f.core.internal.command.DbMigrate      : Current version of schema "public": << Empty Schema >>
2026-03-04T02:59:34.050+05:30  INFO 4764 --- [           main] o.f.core.internal.command.DbMigrate      : Migrating schema "public" to version "1 - init schema"
2026-03-04T02:59:35.171+05:30  INFO 4764 --- [           main] o.f.core.internal.command.DbMigrate      : Successfully applied 1 migration to schema "public", now at version v1 (execution time 00:00.748s)
2026-03-04T02:59:35.463+05:30  INFO 4764 --- [           main] o.hibernate.jpa.internal.util.LogHelper  : HHH000204: Processing PersistenceUnitInfo [name: default]
2026-03-04T02:59:35.509+05:30  INFO 4764 --- [           main] org.hibernate.Version                    : HHH000412: Hibernate ORM core version 6.4.4.Final
2026-03-04T02:59:35.537+05:30  INFO 4764 --- [           main] o.h.c.internal.RegionFactoryInitiator    : HHH000026: Second-level cache disabled
2026-03-04T02:59:35.728+05:30  INFO 4764 --- [           main] o.s.o.j.p.SpringPersistenceUnitInfo      : No LoadTimeWeaver setup: ignoring JPA class transformer
2026-03-04T02:59:35.823+05:30  WARN 4764 --- [           main] org.hibernate.orm.deprecation            : HHH90000025: PostgreSQLDialect does not need to be specified explicitly using 'hibernate.dialect' (remove the property setting and it will be selected by default)
2026-03-04T02:59:36.733+05:30  INFO 4764 --- [           main] o.h.e.t.j.p.i.JtaPlatformInitiator       : HHH000489: No JTA platform available (set 'hibernate.transaction.jta.platform' to enable JTA platform integration)
2026-03-04T02:59:36.991+05:30  INFO 4764 --- [           main] j.LocalContainerEntityManagerFactoryBean : Initialized JPA EntityManagerFactory for persistence unit 'default'
2026-03-04T02:59:37.521+05:30  INFO 4764 --- [           main] o.s.d.j.r.query.QueryEnhancerFactory     : Hibernate is in classpath; If applicable, HQL parser will be used.
2026-03-04T02:59:38.367+05:30  WARN 4764 --- [           main] JpaBaseConfiguration$JpaWebConfiguration : spring.jpa.open-in-view is enabled by default. Therefore, database queries may be performed during view rendering. Explicitly configure spring.jpa.open-in-view to disable this warning
2026-03-04T02:59:38.786+05:30  INFO 4764 --- [           main] o.s.b.w.embedded.tomcat.TomcatWebServer  : Tomcat started on port 8080 (http) with context path ''
2026-03-04T02:59:38.800+05:30  INFO 4764 --- [           main] c.s.SmartTreasuryApplicationKt           : Started SmartTreasuryApplicationKt in 9.871 seconds (process running for 10.278)
2026-03-04T02:59:38.997+05:30  INFO 4764 --- [           main] com.smarttreasury.config.DataSeeder      : Seeding database with sample data...
2026-03-04T02:59:39.756+05:30  INFO 4764 --- [           main] com.smarttreasury.config.DataSeeder      : Seeded 12 invoices
2026-03-04T03:00:00.031+05:30  INFO 4764 --- [atcher-worker-1] c.s.scheduler.FxRateScheduler            : Scheduled FX rate poll starting...
2026-03-04T03:00:00.031+05:30  INFO 4764 --- [atcher-worker-1] c.smarttreasury.service.FxRateService    : Fetching and persisting FX rates...
2026-03-04T03:00:00.031+05:30 DEBUG 4764 --- [atcher-worker-1] c.s.client.FrankfurterClient             : Fetching latest rates: https://api.frankfurter.app/latest?base=USD&symbols=EUR,INR,GBP,BRL
2026-03-04T03:00:01.326+05:30  INFO 4764 --- [atcher-worker-1] c.s.client.FrankfurterClient             : Fetched 4 rates for base=USD
2026-03-04T03:00:03.084+05:30  INFO 4764 --- [atcher-worker-1] c.smarttreasury.service.FxRateService    : Persisted 4 FX rate snapshots
2026-03-04T03:00:03.084+05:30  INFO 4764 --- [atcher-worker-1] c.s.scheduler.FxRateScheduler            : Scheduled FX rate poll completed.
2026-03-04T03:00:06.110+05:30  INFO 4764 --- [           main] com.smarttreasury.config.DataSeeder      : Seeded 364 FX rate snapshots (90 days ﾗ 4 currencies)
2026-03-04T03:00:06.111+05:30  INFO 4764 --- [           main] com.smarttreasury.config.DataSeeder      : Database seeding complete!
